[    41.447] (--) Log file renamed from "/home/augustofarias/.local/share/xorg/Xorg.pid-815.log" to "/home/augustofarias/.local/share/xorg/Xorg.0.log"
[    41.625] 
X.Org X Server 1.20.13
X Protocol Version 11, Revision 0
[    41.625] Build Operating System: linux Ubuntu
[    41.625] Current Operating System: Linux augustofarias-VirtualBox 5.13.0-30-generic #33~20.04.1-Ubuntu SMP Mon Feb 7 14:25:10 UTC 2022 x86_64
[    41.625] Kernel command line: BOOT_IMAGE=/boot/vmlinuz-5.13.0-30-generic root=UUID=6339063d-bede-4326-9ead-95e70f15e54f ro quiet splash
[    41.625] Build Date: 14 December 2021  02:14:13PM
[    41.626] xorg-server 2:1.20.13-1ubuntu1~20.04.2 (For technical support please see http://www.ubuntu.com/support) 
[    41.626] Current version of pixman: 0.38.4
[    41.626] 	Before reporting problems, check http://wiki.x.org
	to make sure that you have the latest version.
[    41.626] Markers: (--) probed, (**) from config file, (==) default setting,
	(++) from command line, (!!) notice, (II) informational,
	(WW) warning, (EE) error, (NI) not implemented, (??) unknown.
[    41.626] (==) Log file: "/home/augustofarias/.local/share/xorg/Xorg.0.log", Time: Thu Jun 16 18:38:48 2022
[    41.984] (==) Using system config directory "/usr/share/X11/xorg.conf.d"
[    42.152] (==) No Layout section.  Using the first Screen section.
[    42.152] (==) No screen section available. Using defaults.
[    42.152] (**) |-->Screen "Default Screen Section" (0)
[    42.152] (**) |   |-->Monitor "<default monitor>"
[    42.197] (==) No monitor specified for screen "Default Screen Section".
	Using a default monitor configuration.
[    42.197] (==) Automatically adding devices
[    42.197] (==) Automatically enabling devices
[    42.197] (==) Automatically adding GPU devices
[    42.197] (==) Automatically binding GPU devices
[    42.198] (==) Max clients allowed: 256, resource mask: 0x1fffff
[    42.292] (WW) The directory "/usr/share/fonts/X11/cyrillic" does not exist.
[    42.292] 	Entry deleted from font path.
[    42.292] (WW) The directory "/usr/share/fonts/X11/100dpi/" does not exist.
[    42.292] 	Entry deleted from font path.
[    42.292] (WW) The directory "/usr/share/fonts/X11/75dpi/" does not exist.
[    42.292] 	Entry deleted from font path.
[    42.314] (WW) The directory "/usr/share/fonts/X11/100dpi" does not exist.
[    42.314] 	Entry deleted from font path.
[    42.314] (WW) The directory "/usr/share/fonts/X11/75dpi" does not exist.
[    42.315] 	Entry deleted from font path.
[    42.315] (==) FontPath set to:
	/usr/share/fonts/X11/misc,
	/usr/share/fonts/X11/Type1,
	built-ins
[    42.315] (==) ModulePath set to "/usr/lib/xorg/modules"
[    42.315] (II) The server relies on udev to provide the list of input devices.
	If no devices become available, reconfigure udev or disable AutoAddDevices.
[    42.315] (II) Loader magic: 0x55887698e020
[    42.315] (II) Module ABI versions:
[    42.315] 	X.Org ANSI C Emulation: 0.4
[    42.315] 	X.Org Video Driver: 24.1
[    42.315] 	X.Org XInput driver : 24.1
[    42.315] 	X.Org Server Extension : 10.0
[    42.322] (++) using VT number 2

[    42.332] (II) systemd-logind: took control of session /org/freedesktop/login1/session/_31
[    42.339] (II) xfree86: Adding drm device (/dev/dri/card0)
[    42.350] (II) systemd-logind: got fd for /dev/dri/card0 226:0 fd 12 paused 0
[    42.361] (--) PCI:*(0@0:2:0) 15ad:0405:15ad:0405 rev 0, Mem @ 0xe0000000/134217728, 0xf0000000/2097152, I/O @ 0x0000d010/16, BIOS @ 0x????????/131072
[    42.372] (II) LoadModule: "glx"
[    42.433] (II) Loading /usr/lib/xorg/modules/extensions/libglx.so
[    42.683] (II) Module glx: vendor="X.Org Foundation"
[    42.683] 	compiled for 1.20.13, module version = 1.0.0
[    42.683] 	ABI class: X.Org Server Extension, version 10.0
[    42.684] (==) Matched vmware as autoconfigured driver 0
[    42.684] (==) Matched modesetting as autoconfigured driver 1
[    42.684] (==) Matched fbdev as autoconfigured driver 2
[    42.684] (==) Matched vesa as autoconfigured driver 3
[    42.684] (==) Assigned the driver to the xf86ConfigLayout
[    42.684] (II) LoadModule: "vmware"
[    42.684] (II) Loading /usr/lib/xorg/modules/drivers/vmware_drv.so
[    48.657] (II) Module vmware: vendor="X.Org Foundation"
[    48.658] 	compiled for 1.20.8, module version = 13.3.0
[    48.658] 	Module class: X.Org Video Driver
[    48.658] 	ABI class: X.Org Video Driver, version 24.1
[    48.658] (II) LoadModule: "modesetting"
[    48.658] (II) Loading /usr/lib/xorg/modules/drivers/modesetting_drv.so
[    48.680] (II) Module modesetting: vendor="X.Org Foundation"
[    48.680] 	compiled for 1.20.13, module version = 1.20.13
[    48.680] 	Module class: X.Org Video Driver
[    48.680] 	ABI class: X.Org Video Driver, version 24.1
[    48.680] (II) LoadModule: "fbdev"
[    48.681] (II) Loading /usr/lib/xorg/modules/drivers/fbdev_drv.so
[    48.720] (II) Module fbdev: vendor="X.Org Foundation"
[    48.720] 	compiled for 1.20.1, module version = 0.5.0
[    48.720] 	Module class: X.Org Video Driver
[    48.720] 	ABI class: X.Org Video Driver, version 24.0
[    48.720] (II) LoadModule: "vesa"
[    48.721] (II) Loading /usr/lib/xorg/modules/drivers/vesa_drv.so
[    48.763] (II) Module vesa: vendor="X.Org Foundation"
[    48.763] 	compiled for 1.20.4, module version = 2.4.0
[    48.763] 	Module class: X.Org Video Driver
[    48.763] 	ABI class: X.Org Video Driver, version 24.0
[    48.763] (II) vmware: driver for VMware SVGA: vmware0405, vmware0710
[    48.763] (II) modesetting: Driver for Modesetting Kernel Drivers: kms
[    48.763] (II) FBDEV: driver for framebuffer: fbdev
[    48.764] (II) VESA: driver for VESA chipsets: vesa
[    48.764] xf86EnableIOPorts: failed to set IOPL for I/O (Operation not permitted)
[    48.764] (WW) Falling back to old probe method for modesetting
[    48.764] (WW) Falling back to old probe method for fbdev
[    48.764] (II) Loading sub module "fbdevhw"
[    48.764] (II) LoadModule: "fbdevhw"
[    48.765] (II) Loading /usr/lib/xorg/modules/libfbdevhw.so
[    48.812] (II) Module fbdevhw: vendor="X.Org Foundation"
[    48.812] 	compiled for 1.20.13, module version = 0.0.2
[    48.812] 	ABI class: X.Org Video Driver, version 24.1
[    48.812] (EE) open /dev/fb0: Permission denied
[    48.812] (WW) VGA arbiter: cannot open kernel arbiter, no multi-card support
[    48.813] (II) vmware(0): Creating default Display subsection in Screen section
	"Default Screen Section" for depth/fbbpp 24/32
[    48.813] (--) vmware(0): DRM driver version is 2.18.1
[    48.813] (==) vmware(0): Depth 24, (--) framebuffer bpp 32
[    48.813] (==) vmware(0): RGB weight 888
[    48.813] (==) vmware(0): Default visual is TrueColor
[    48.813] (--) vmware(0): Min width 1, Max Width 8192.
[    48.813] (--) vmware(0): Min height 1, Max Height 8192.
[    48.814] (II) vmware(0): Output Virtual1 has no monitor section
[    48.814] (II) vmware(0): Output Virtual2 has no monitor section
[    48.814] (II) vmware(0): Output Virtual3 has no monitor section
[    48.814] (II) vmware(0): Output Virtual4 has no monitor section
[    48.814] (II) vmware(0): Output Virtual5 has no monitor section
[    48.815] (II) vmware(0): Output Virtual6 has no monitor section
[    48.815] (II) vmware(0): Output Virtual7 has no monitor section
[    48.815] (II) vmware(0): Output Virtual8 has no monitor section
[    48.815] (II) vmware(0): Printing probed modes for output Virtual1
[    48.815] (II) vmware(0): Modeline "800x600"x60.0   42.75  800 850 900 950  600 650 700 750 -hsync +vsync (45.0 kHz eP)
[    48.815] (II) vmware(0): Modeline "3840x2400"x60.0  592.25  3840 3888 3920 4000  2400 2403 2409 2469 +hsync -vsync (148.1 kHz e)
[    48.815] (II) vmware(0): Modeline "3840x2160"x60.0  533.00  3840 3888 3920 4000  2160 2163 2168 2222 +hsync -vsync (133.2 kHz e)
[    48.815] (II) vmware(0): Modeline "2880x1800"x59.9  337.50  2880 2928 2960 3040  1800 1803 1809 1852 +hsync -vsync (111.0 kHz e)
[    48.815] (II) vmware(0): Modeline "2560x1600"x60.0  348.50  2560 2752 3032 3504  1600 1603 1609 1658 -hsync +vsync (99.5 kHz e)
[    48.815] (II) vmware(0): Modeline "2560x1440"x60.0  241.50  2560 2608 2640 2720  1440 1443 1448 1481 +hsync -vsync (88.8 kHz e)
[    48.815] (II) vmware(0): Modeline "1920x1440"x60.0  234.00  1920 2048 2256 2600  1440 1441 1444 1500 -hsync +vsync (90.0 kHz e)
[    48.816] (II) vmware(0): Modeline "1856x1392"x60.0  218.25  1856 1952 2176 2528  1392 1393 1396 1439 -hsync +vsync (86.3 kHz e)
[    48.816] (II) vmware(0): Modeline "1792x1344"x60.0  204.75  1792 1920 2120 2448  1344 1345 1348 1394 -hsync +vsync (83.6 kHz e)
[    48.816] (II) vmware(0): Modeline "1920x1200"x59.9  193.25  1920 2056 2256 2592  1200 1203 1209 1245 -hsync +vsync (74.6 kHz e)
[    48.816] (II) vmware(0): Modeline "1920x1080"x60.0  173.00  1920 2048 2248 2576  1080 1083 1088 1120 -hsync +vsync (67.2 kHz e)
[    48.816] (II) vmware(0): Modeline "1600x1200"x60.0  162.00  1600 1664 1856 2160  1200 1201 1204 1250 +hsync +vsync (75.0 kHz e)
[    48.816] (II) vmware(0): Modeline "1680x1050"x60.0  146.25  1680 1784 1960 2240  1050 1053 1059 1089 -hsync +vsync (65.3 kHz e)
[    48.816] (II) vmware(0): Modeline "1400x1050"x60.0  121.75  1400 1488 1632 1864  1050 1053 1057 1089 -hsync +vsync (65.3 kHz e)
[    48.816] (II) vmware(0): Modeline "1280x1024"x60.0  108.00  1280 1328 1440 1688  1024 1025 1028 1066 +hsync +vsync (64.0 kHz e)
[    48.816] (II) vmware(0): Modeline "1440x900"x59.9  106.50  1440 1520 1672 1904  900 903 909 934 -hsync +vsync (55.9 kHz e)
[    48.816] (II) vmware(0): Modeline "1280x960"x60.0  108.00  1280 1376 1488 1800  960 961 964 1000 +hsync +vsync (60.0 kHz e)
[    48.816] (II) vmware(0): Modeline "1360x768"x60.0   85.50  1360 1424 1536 1792  768 771 777 795 +hsync +vsync (47.7 kHz e)
[    48.816] (II) vmware(0): Modeline "1280x800"x59.8   83.50  1280 1352 1480 1680  800 803 809 831 +hsync -vsync (49.7 kHz e)
[    48.816] (II) vmware(0): Modeline "1152x864"x75.0  108.00  1152 1216 1344 1600  864 865 868 900 +hsync +vsync (67.5 kHz e)
[    48.816] (II) vmware(0): Modeline "1280x768"x59.9   79.50  1280 1344 1472 1664  768 771 778 798 -hsync +vsync (47.8 kHz e)
[    48.816] (II) vmware(0): Modeline "1280x720"x59.9   74.50  1280 1344 1472 1664  720 723 728 748 -hsync +vsync (44.8 kHz e)
[    48.816] (II) vmware(0): Modeline "1024x768"x60.0   65.00  1024 1048 1184 1344  768 771 777 806 -hsync -vsync (48.4 kHz e)
[    48.816] (II) vmware(0): Modeline "800x600"x60.3   40.00  800 840 968 1056  600 601 605 628 +hsync +vsync (37.9 kHz e)
[    48.816] (II) vmware(0): Modeline "640x480"x59.9   25.18  640 656 752 800  480 489 492 525 -hsync -vsync (31.5 kHz e)
[    48.817] (II) vmware(0): EDID for output Virtual2
[    48.819] (II) vmware(0): EDID for output Virtual3
[    48.820] (II) vmware(0): EDID for output Virtual4
[    48.820] (II) vmware(0): EDID for output Virtual5
[    48.820] (II) vmware(0): EDID for output Virtual6
[    48.820] (II) vmware(0): EDID for output Virtual7
[    48.820] (II) vmware(0): EDID for output Virtual8
[    48.820] (II) vmware(0): Output Virtual1 connected
[    48.820] (II) vmware(0): Output Virtual2 disconnected
[    48.820] (II) vmware(0): Output Virtual3 disconnected
[    48.820] (II) vmware(0): Output Virtual4 disconnected
[    48.820] (II) vmware(0): Output Virtual5 disconnected
[    48.820] (II) vmware(0): Output Virtual6 disconnected
[    48.820] (II) vmware(0): Output Virtual7 disconnected
[    48.820] (II) vmware(0): Output Virtual8 disconnected
[    48.820] (II) vmware(0): Using exact sizes for initial modes
[    48.820] (II) vmware(0): Output Virtual1 using initial mode 800x600 +0+0
[    48.821] (==) vmware(0): DPI set to (96, 96)
[    48.821] (==) vmware(0): Using gamma correction (1.0, 1.0, 1.0)
[    48.821] (II) Loading sub module "fb"
[    48.821] (II) LoadModule: "fb"
[    48.821] (II) Loading /usr/lib/xorg/modules/libfb.so
[    48.901] (II) Module fb: vendor="X.Org Foundation"
[    48.901] 	compiled for 1.20.13, module version = 1.0.0
[    48.901] 	ABI class: X.Org ANSI C Emulation, version 0.4
[    48.901] (II) Loading sub module "dri2"
[    48.901] (II) LoadModule: "dri2"
[    48.901] (II) Module "dri2" already built-in
[    48.901] (II) Loading sub module "dri3"
[    48.901] (II) LoadModule: "dri3"
[    48.901] (II) Module "dri3" already built-in
[    48.901] (II) UnloadModule: "modesetting"
[    48.901] (II) Unloading modesetting
[    48.902] (II) UnloadModule: "fbdev"
[    48.902] (II) Unloading fbdev
[    48.902] (II) UnloadSubModule: "fbdevhw"
[    48.902] (II) Unloading fbdevhw
[    48.902] (II) UnloadModule: "vesa"
[    48.903] (II) Unloading vesa
[    48.947] (II) vmware(0): Initialized VMWARE_CTRL extension version 0.2
[    49.078] (WW) vmware(0): Failed to initialize Gallium3D Xa. No render acceleration available.
[    49.079] (WW) vmware(0): Skipped initialization of direct rendering due to lack of render acceleration.
[    49.079] (--) vmware(0): Render acceleration is disabled.
[    49.079] (==) vmware(0): Rendercheck mode is disabled.
[    49.079] (--) vmware(0): Direct rendering (DRI2 3D) is disabled.
[    49.079] (--) vmware(0): Direct rendering (DRI3 3D) is disabled.
[    49.079] (==) vmware(0): Backing store enabled
[    49.079] (==) vmware(0): Silken mouse enabled
[    49.113] (==) vmware(0): DPMS enabled
[    49.113] (II) vmware(0): No 3D acceleration. Not setting up textured video.
[    49.113] (WW) vmware(0): Disabling Xv because no adaptors could be initialized.
[    49.113] (II) Initializing extension Generic Event Extension
[    49.114] (II) Initializing extension SHAPE
[    49.115] (II) Initializing extension MIT-SHM
[    49.115] (II) Initializing extension XInputExtension
[    49.119] (II) Initializing extension XTEST
[    49.119] (II) Initializing extension BIG-REQUESTS
[    49.120] (II) Initializing extension SYNC
[    49.120] (II) Initializing extension XKEYBOARD
[    49.121] (II) Initializing extension XC-MISC
[    49.121] (II) Initializing extension SECURITY
[    49.122] (II) Initializing extension XFIXES
[    49.122] (II) Initializing extension RENDER
[    49.123] (II) Initializing extension RANDR
[    49.124] (II) Initializing extension COMPOSITE
[    49.124] (II) Initializing extension DAMAGE
[    49.125] (II) Initializing extension MIT-SCREEN-SAVER
[    49.125] (II) Initializing extension DOUBLE-BUFFER
[    49.126] (II) Initializing extension RECORD
[    49.127] (II) Initializing extension DPMS
[    49.127] (II) Initializing extension Present
[    49.127] (II) Initializing extension DRI3
[    49.128] (II) Initializing extension X-Resource
[    49.128] (II) Initializing extension XVideo
[    49.129] (II) Initializing extension XVideo-MotionCompensation
[    49.129] (II) Initializing extension SELinux
[    49.129] (II) SELinux: Disabled on system
[    49.129] (II) Initializing extension GLX
[    49.138] (II) AIGLX: Screen 0 is not DRI2 capable
[    50.339] (II) IGLX: Loaded and initialized swrast
[    50.339] (II) GLX: Initialized DRISWRAST GL provider for screen 0
[    50.339] (II) Initializing extension XFree86-VidModeExtension
[    50.340] (II) Initializing extension XFree86-DGA
[    50.340] (II) Initializing extension XFree86-DRI
[    50.341] (II) Initializing extension DRI2
[    50.446] (II) vmware(0): Setting screen physical size to 211 x 158
[    51.346] (II) config/udev: Adding input device Power Button (/dev/input/event0)
[    51.347] (**) Power Button: Applying InputClass "libinput keyboard catchall"
[    51.347] (II) LoadModule: "libinput"
[    51.347] (II) Loading /usr/lib/xorg/modules/input/libinput_drv.so
[    51.452] (II) Module libinput: vendor="X.Org Foundation"
[    51.452] 	compiled for 1.20.4, module version = 0.29.0
[    51.452] 	Module class: X.Org XInput Driver
[    51.452] 	ABI class: X.Org XInput driver, version 24.1
[    51.453] (II) Using input driver 'libinput' for 'Power Button'
[    51.457] (II) systemd-logind: got fd for /dev/input/event0 13:64 fd 20 paused 0
[    51.457] (**) Power Button: always reports core events
[    51.457] (**) Option "Device" "/dev/input/event0"
[    51.472] (**) Option "_source" "server/udev"
[    51.585] (II) event0  - Power Button: is tagged by udev as: Keyboard
[    51.585] (II) event0  - Power Button: device is a keyboard
[    51.586] (II) event0  - Power Button: device removed
[    51.586] (**) Option "config_info" "udev:/sys/devices/LNXSYSTM:00/LNXPWRBN:00/input/input0/event0"
[    51.586] (II) XINPUT: Adding extended input device "Power Button" (type: KEYBOARD, id 6)
[    51.586] (**) Option "xkb_model" "pc105"
[    51.586] (**) Option "xkb_layout" "es"
[    51.698] (II) event0  - Power Button: is tagged by udev as: Keyboard
[    51.698] (II) event0  - Power Button: device is a keyboard
[    51.701] (II) config/udev: Adding input device Sleep Button (/dev/input/event1)
[    51.701] (**) Sleep Button: Applying InputClass "libinput keyboard catchall"
[    51.701] (II) Using input driver 'libinput' for 'Sleep Button'
[    51.710] (II) systemd-logind: got fd for /dev/input/event1 13:65 fd 23 paused 0
[    51.710] (**) Sleep Button: always reports core events
[    51.710] (**) Option "Device" "/dev/input/event1"
[    51.710] (**) Option "_source" "server/udev"
[    51.717] (II) event1  - Sleep Button: is tagged by udev as: Keyboard
[    51.717] (II) event1  - Sleep Button: device is a keyboard
[    51.717] (II) event1  - Sleep Button: device removed
[    51.717] (**) Option "config_info" "udev:/sys/devices/LNXSYSTM:00/LNXSLPBN:00/input/input1/event1"
[    51.717] (II) XINPUT: Adding extended input device "Sleep Button" (type: KEYBOARD, id 7)
[    51.717] (**) Option "xkb_model" "pc105"
[    51.717] (**) Option "xkb_layout" "es"
[    51.724] (II) event1  - Sleep Button: is tagged by udev as: Keyboard
[    51.724] (II) event1  - Sleep Button: device is a keyboard
[    51.728] (II) config/udev: Adding input device Video Bus (/dev/input/event3)
[    51.729] (**) Video Bus: Applying InputClass "libinput keyboard catchall"
[    51.730] (II) Using input driver 'libinput' for 'Video Bus'
[    51.738] (II) systemd-logind: got fd for /dev/input/event3 13:67 fd 24 paused 0
[    51.739] (**) Video Bus: always reports core events
[    51.739] (**) Option "Device" "/dev/input/event3"
[    51.740] (**) Option "_source" "server/udev"
[    51.745] (II) event3  - Video Bus: is tagged by udev as: Keyboard
[    51.746] (II) event3  - Video Bus: device is a keyboard
[    51.747] (II) event3  - Video Bus: device removed
[    51.748] (**) Option "config_info" "udev:/sys/devices/LNXSYSTM:00/LNXSYBUS:00/PNP0A03:00/LNXVIDEO:00/input/input5/event3"
[    51.749] (II) XINPUT: Adding extended input device "Video Bus" (type: KEYBOARD, id 8)
[    51.749] (**) Option "xkb_model" "pc105"
[    51.750] (**) Option "xkb_layout" "es"
[    51.756] (II) event3  - Video Bus: is tagged by udev as: Keyboard
[    51.757] (II) event3  - Video Bus: device is a keyboard
[    51.763] (II) config/udev: Adding input device VirtualBox mouse integration (/dev/input/event6)
[    51.764] (**) VirtualBox mouse integration: Applying InputClass "libinput pointer catchall"
[    51.764] (II) Using input driver 'libinput' for 'VirtualBox mouse integration'
[    51.768] (II) systemd-logind: got fd for /dev/input/event6 13:70 fd 25 paused 0
[    51.769] (**) VirtualBox mouse integration: always reports core events
[    51.769] (**) Option "Device" "/dev/input/event6"
[    51.771] (**) Option "_source" "server/udev"
[    51.777] (II) event6  - VirtualBox mouse integration: is tagged by udev as: Mouse
[    51.778] (II) event6  - VirtualBox mouse integration: device is a pointer
[    51.779] (II) event6  - VirtualBox mouse integration: device removed
[    51.779] (**) Option "config_info" "udev:/sys/devices/pci0000:00/0000:00:04.0/input/input7/event6"
[    51.780] (II) XINPUT: Adding extended input device "VirtualBox mouse integration" (type: MOUSE, id 9)
[    51.781] (**) Option "AccelerationScheme" "none"
[    51.781] (**) VirtualBox mouse integration: (accel) selected scheme none/0
[    51.782] (**) VirtualBox mouse integration: (accel) acceleration factor: 2.000
[    51.783] (**) VirtualBox mouse integration: (accel) acceleration threshold: 4
[    51.786] (II) event6  - VirtualBox mouse integration: is tagged by udev as: Mouse
[    51.787] (II) event6  - VirtualBox mouse integration: device is a pointer
[    51.791] (II) config/udev: Adding input device VirtualBox mouse integration (/dev/input/js1)
[    51.792] (II) No input driver specified, ignoring this device.
[    51.792] (II) This device may have been added with another device file.
[    51.795] (II) config/udev: Adding input device VirtualBox mouse integration (/dev/input/mouse2)
[    51.796] (II) No input driver specified, ignoring this device.
[    51.797] (II) This device may have been added with another device file.
[    51.801] (II) config/udev: Adding input device VirtualBox USB Tablet (/dev/input/event5)
[    51.802] (**) VirtualBox USB Tablet: Applying InputClass "libinput pointer catchall"
[    51.803] (II) Using input driver 'libinput' for 'VirtualBox USB Tablet'
[    51.863] (II) systemd-logind: got fd for /dev/input/event5 13:69 fd 26 paused 0
[    51.864] (**) VirtualBox USB Tablet: always reports core events
[    51.864] (**) Option "Device" "/dev/input/event5"
[    51.864] (**) Option "_source" "server/udev"
[    51.876] (II) event5  - VirtualBox USB Tablet: is tagged by udev as: Mouse
[    51.877] (II) event5  - VirtualBox USB Tablet: device is a pointer
[    51.877] (II) event5  - VirtualBox USB Tablet: device removed
[    51.878] (**) Option "config_info" "udev:/sys/devices/pci0000:00/0000:00:06.0/usb1/1-1/1-1:1.0/0003:80EE:0021.0001/input/input6/event5"
[    51.878] (II) XINPUT: Adding extended input device "VirtualBox USB Tablet" (type: MOUSE, id 10)
[    51.878] (**) Option "AccelerationScheme" "none"
[    51.879] (**) VirtualBox USB Tablet: (accel) selected scheme none/0
[    51.879] (**) VirtualBox USB Tablet: (accel) acceleration factor: 2.000
[    51.879] (**) VirtualBox USB Tablet: (accel) acceleration threshold: 4
[    51.886] (II) event5  - VirtualBox USB Tablet: is tagged by udev as: Mouse
[    51.887] (II) event5  - VirtualBox USB Tablet: device is a pointer
[    51.891] (II) config/udev: Adding input device VirtualBox USB Tablet (/dev/input/js0)
[    51.891] (II) No input driver specified, ignoring this device.
[    51.891] (II) This device may have been added with another device file.
[    51.895] (II) config/udev: Adding input device VirtualBox USB Tablet (/dev/input/mouse1)
[    51.895] (II) No input driver specified, ignoring this device.
[    51.895] (II) This device may have been added with another device file.
[    51.897] (II) config/udev: Adding input device AT Translated Set 2 keyboard (/dev/input/event2)
[    51.897] (**) AT Translated Set 2 keyboard: Applying InputClass "libinput keyboard catchall"
[    51.897] (II) Using input driver 'libinput' for 'AT Translated Set 2 keyboard'
[    51.903] (II) systemd-logind: got fd for /dev/input/event2 13:66 fd 27 paused 0
[    51.903] (**) AT Translated Set 2 keyboard: always reports core events
[    51.903] (**) Option "Device" "/dev/input/event2"
[    51.903] (**) Option "_source" "server/udev"
[    51.913] (II) event2  - AT Translated Set 2 keyboard: is tagged by udev as: Keyboard
[    51.914] (II) event2  - AT Translated Set 2 keyboard: device is a keyboard
[    51.916] (II) event2  - AT Translated Set 2 keyboard: device removed
[    51.917] (**) Option "config_info" "udev:/sys/devices/platform/i8042/serio0/input/input2/event2"
[    51.918] (II) XINPUT: Adding extended input device "AT Translated Set 2 keyboard" (type: KEYBOARD, id 11)
[    51.918] (**) Option "xkb_model" "pc105"
[    51.919] (**) Option "xkb_layout" "es"
[    51.925] (II) event2  - AT Translated Set 2 keyboard: is tagged by udev as: Keyboard
[    51.926] (II) event2  - AT Translated Set 2 keyboard: device is a keyboard
[    51.931] (II) config/udev: Adding input device ImExPS/2 Generic Explorer Mouse (/dev/input/event4)
[    51.931] (**) ImExPS/2 Generic Explorer Mouse: Applying InputClass "libinput pointer catchall"
[    51.932] (II) Using input driver 'libinput' for 'ImExPS/2 Generic Explorer Mouse'
[    51.941] (II) systemd-logind: got fd for /dev/input/event4 13:68 fd 28 paused 0
[    51.942] (**) ImExPS/2 Generic Explorer Mouse: always reports core events
[    51.942] (**) Option "Device" "/dev/input/event4"
[    51.943] (**) Option "_source" "server/udev"
[    51.951] (II) event4  - ImExPS/2 Generic Explorer Mouse: is tagged by udev as: Mouse
[    51.952] (II) event4  - ImExPS/2 Generic Explorer Mouse: device is a pointer
[    51.953] (II) event4  - ImExPS/2 Generic Explorer Mouse: device removed
[    51.954] (**) Option "config_info" "udev:/sys/devices/platform/i8042/serio1/input/input4/event4"
[    51.955] (II) XINPUT: Adding extended input device "ImExPS/2 Generic Explorer Mouse" (type: MOUSE, id 12)
[    51.956] (**) Option "AccelerationScheme" "none"
[    51.957] (**) ImExPS/2 Generic Explorer Mouse: (accel) selected scheme none/0
[    51.957] (**) ImExPS/2 Generic Explorer Mouse: (accel) acceleration factor: 2.000
[    51.958] (**) ImExPS/2 Generic Explorer Mouse: (accel) acceleration threshold: 4
[    51.963] (II) event4  - ImExPS/2 Generic Explorer Mouse: is tagged by udev as: Mouse
[    51.964] (II) event4  - ImExPS/2 Generic Explorer Mouse: device is a pointer
[    51.968] (II) config/udev: Adding input device ImExPS/2 Generic Explorer Mouse (/dev/input/mouse0)
[    51.968] (II) No input driver specified, ignoring this device.
[    51.968] (II) This device may have been added with another device file.
[    60.871] (EE) No surface to present from.
[   593.536] (EE) client bug: timer event4 debounce: scheduled expiry is in the past (-46ms), your system is too slow
[   593.618] (EE) client bug: timer event4 debounce short: scheduled expiry is in the past (-188ms), your system is too slow
[   593.618] (EE) client bug: timer event4 debounce: scheduled expiry is in the past (-79ms), your system is too slow
